CREATE TABLE "django_migrations" ("id" integer NOT NULL PRIMARY KEY AUTOINCREMENT, "app" varchar(255) NOT NULL, "name" varchar(255) NOT NULL, "applied" datetime NOT NULL); (params None)
CREATE TABLE "accounts_user" ("id" integer NOT NULL PRIMARY KEY AUTOINCREMENT, "email" varchar(254) NOT NULL UNIQUE); (params None)
ALTER TABLE "accounts_user" RENAME TO "accounts_user__old"; (params ())
CREATE TABLE "accounts_user" ("id" integer NOT NULL PRIMARY KEY AUTOINCREMENT, "email" varchar(254) NOT NULL UNIQUE); (params None)
INSERT INTO "accounts_user" ("email") SELECT "email" FROM "accounts_user__old"; (params ())
DROP TABLE "accounts_user__old"; (params ())
ALTER TABLE "accounts_user" RENAME TO "accounts_user__old"; (params ())
CREATE TABLE "accounts_user" ("email" varchar(254) NOT NULL PRIMARY KEY); (params None)
INSERT INTO "accounts_user" ("email") SELECT "email" FROM "accounts_user__old"; (params ())
DROP TABLE "accounts_user__old"; (params ())
CREATE TABLE "accounts_token" ("id" integer NOT NULL PRIMARY KEY AUTOINCREMENT, "email" varchar(254) NOT NULL UNIQUE, "uid" varchar(255) NOT NULL); (params None)
ALTER TABLE "accounts_token" RENAME TO "accounts_token__old"; (params ())
CREATE TABLE "accounts_token" ("id" integer NOT NULL PRIMARY KEY AUTOINCREMENT, "uid" varchar(255) NOT NULL, "email" varchar(254) NOT NULL); (params None)
INSERT INTO "accounts_token" ("id", "uid", "email") SELECT "id", "uid", "email" FROM "accounts_token__old"; (params ())
DROP TABLE "accounts_token__old"; (params ())
ALTER TABLE "accounts_token" RENAME TO "accounts_token__old"; (params ())
CREATE TABLE "accounts_token" ("id" integer NOT NULL PRIMARY KEY AUTOINCREMENT, "email" varchar(254) NOT NULL, "uid" varchar(255) NOT NULL); (params None)
INSERT INTO "accounts_token" ("email", "uid") SELECT "email", "uid" FROM "accounts_token__old"; (params ())
DROP TABLE "accounts_token__old"; (params ())
ALTER TABLE "accounts_token" RENAME TO "accounts_token__old"; (params ())
CREATE TABLE "accounts_token" ("email" varchar(254) NOT NULL, "uid" char(32) NOT NULL PRIMARY KEY); (params None)
INSERT INTO "accounts_token" ("email", "uid") SELECT "email", "uid" FROM "accounts_token__old"; (params ())
DROP TABLE "accounts_token__old"; (params ())
CREATE TABLE "django_content_type" ("id" integer NOT NULL PRIMARY KEY AUTOINCREMENT, "name" varchar(100) NOT NULL, "app_label" varchar(100) NOT NULL, "model" varchar(100) NOT NULL); (params None)
CREATE UNIQUE INDEX "django_content_type_app_label_model_76bd3d3b_uniq" ON "django_content_type" ("app_label", "model"); (params ())
CREATE TABLE "django_admin_log" ("id" integer NOT NULL PRIMARY KEY AUTOINCREMENT, "action_time" datetime NOT NULL, "object_id" text NULL, "object_repr" varchar(200) NOT NULL, "action_flag" smallint unsigned NOT NULL, "change_message" text NOT NULL, "content_type_id" integer NULL REFERENCES "django_content_type" ("id"), "user_id" varchar(254) NOT NULL REFERENCES "accounts_user" ("email")); (params None)
CREATE INDEX "django_admin_log_content_type_id_c4bce8eb" ON "django_admin_log" ("content_type_id"); (params ())
CREATE INDEX "django_admin_log_user_id_c564eba6" ON "django_admin_log" ("user_id"); (params ())
ALTER TABLE "django_admin_log" RENAME TO "django_admin_log__old"; (params ())
CREATE TABLE "django_admin_log" ("id" integer NOT NULL PRIMARY KEY AUTOINCREMENT, "object_id" text NULL, "object_repr" varchar(200) NOT NULL, "action_flag" smallint unsigned NOT NULL, "change_message" text NOT NULL, "content_type_id" integer NULL REFERENCES "django_content_type" ("id"), "user_id" varchar(254) NOT NULL REFERENCES "accounts_user" ("email"), "action_time" datetime NOT NULL); (params None)
INSERT INTO "django_admin_log" ("id", "object_id", "object_repr", "action_flag", "change_message", "content_type_id", "user_id", "action_time") SELECT "id", "object_id", "object_repr", "action_flag", "change_message", "content_type_id", "user_id", "action_time" FROM "django_admin_log__old"; (params ())
DROP TABLE "django_admin_log__old"; (params ())
CREATE INDEX "django_admin_log_content_type_id_c4bce8eb" ON "django_admin_log" ("content_type_id"); (params ())
CREATE INDEX "django_admin_log_user_id_c564eba6" ON "django_admin_log" ("user_id"); (params ())
ALTER TABLE "django_content_type" RENAME TO "django_content_type__old"; (params ())
CREATE TABLE "django_content_type" ("id" integer NOT NULL PRIMARY KEY AUTOINCREMENT, "app_label" varchar(100) NOT NULL, "model" varchar(100) NOT NULL, "name" varchar(100) NULL); (params None)
INSERT INTO "django_content_type" ("id", "app_label", "model", "name") SELECT "id", "app_label", "model", "name" FROM "django_content_type__old"; (params ())
DROP TABLE "django_content_type__old"; (params ())
CREATE UNIQUE INDEX "django_content_type_app_label_model_76bd3d3b_uniq" ON "django_content_type" ("app_label", "model"); (params ())
ALTER TABLE "django_content_type" RENAME TO "django_content_type__old"; (params ())
CREATE TABLE "django_content_type" ("id" integer NOT NULL PRIMARY KEY AUTOINCREMENT, "app_label" varchar(100) NOT NULL, "model" varchar(100) NOT NULL); (params None)
INSERT INTO "django_content_type" ("id", "app_label", "model") SELECT "id", "app_label", "model" FROM "django_content_type__old"; (params ())
DROP TABLE "django_content_type__old"; (params ())
CREATE UNIQUE INDEX "django_content_type_app_label_model_76bd3d3b_uniq" ON "django_content_type" ("app_label", "model"); (params ())
CREATE TABLE "auth_permission" ("id" integer NOT NULL PRIMARY KEY AUTOINCREMENT, "name" varchar(50) NOT NULL, "content_type_id" integer NOT NULL REFERENCES "django_content_type" ("id"), "codename" varchar(100) NOT NULL); (params None)
CREATE TABLE "auth_group" ("id" integer NOT NULL PRIMARY KEY AUTOINCREMENT, "name" varchar(80) NOT NULL UNIQUE); (params None)
CREATE TABLE "auth_group_permissions" ("id" integer NOT NULL PRIMARY KEY AUTOINCREMENT, "group_id" integer NOT NULL REFERENCES "auth_group" ("id"), "permission_id" integer NOT NULL REFERENCES "auth_permission" ("id")); (params None)
CREATE UNIQUE INDEX "auth_permission_content_type_id_codename_01ab375a_uniq" ON "auth_permission" ("content_type_id", "codename"); (params ())
CREATE INDEX "auth_permission_content_type_id_2f476e4b" ON "auth_permission" ("content_type_id"); (params ())
CREATE UNIQUE INDEX "auth_group_permissions_group_id_permission_id_0cd325b0_uniq" ON "auth_group_permissions" ("group_id", "permission_id"); (params ())
CREATE INDEX "auth_group_permissions_group_id_b120cbf9" ON "auth_group_permissions" ("group_id"); (params ())
CREATE INDEX "auth_group_permissions_permission_id_84c5c92e" ON "auth_group_permissions" ("permission_id"); (params ())
ALTER TABLE "auth_permission" RENAME TO "auth_permission__old"; (params ())
CREATE TABLE "auth_permission" ("id" integer NOT NULL PRIMARY KEY AUTOINCREMENT, "content_type_id" integer NOT NULL REFERENCES "django_content_type" ("id"), "codename" varchar(100) NOT NULL, "name" varchar(255) NOT NULL); (params None)
INSERT INTO "auth_permission" ("id", "content_type_id", "codename", "name") SELECT "id", "content_type_id", "codename", "name" FROM "auth_permission__old"; (params ())
DROP TABLE "auth_permission__old"; (params ())
CREATE UNIQUE INDEX "auth_permission_content_type_id_codename_01ab375a_uniq" ON "auth_permission" ("content_type_id", "codename"); (params ())
CREATE INDEX "auth_permission_content_type_id_2f476e4b" ON "auth_permission" ("content_type_id"); (params ())
CREATE TABLE "lists_item" ("id" integer NOT NULL PRIMARY KEY AUTOINCREMENT); (params None)
ALTER TABLE "lists_item" RENAME TO "lists_item__old"; (params ())
CREATE TABLE "lists_item" ("id" integer NOT NULL PRIMARY KEY AUTOINCREMENT, "text" text NOT NULL); (params None)
INSERT INTO "lists_item" ("id", "text") SELECT "id", '' FROM "lists_item__old"; (params ())
DROP TABLE "lists_item__old"; (params ())
CREATE TABLE "lists_list" ("id" integer NOT NULL PRIMARY KEY AUTOINCREMENT); (params None)
ALTER TABLE "lists_item" RENAME TO "lists_item__old"; (params ())
CREATE TABLE "lists_item" ("id" integer NOT NULL PRIMARY KEY AUTOINCREMENT, "text" text NOT NULL, "list_id" integer NOT NULL REFERENCES "lists_list" ("id")); (params None)
INSERT INTO "lists_item" ("id", "text", "list_id") SELECT "id", "text", NULL FROM "lists_item__old"; (params ())
DROP TABLE "lists_item__old"; (params ())
CREATE INDEX "lists_item_list_id_e742b95b" ON "lists_item" ("list_id"); (params ())
CREATE UNIQUE INDEX "lists_item_list_id_text_a3f43fb7_uniq" ON "lists_item" ("list_id", "text"); (params ())
CREATE TABLE "django_session" ("session_key" varchar(40) NOT NULL PRIMARY KEY, "session_data" text NOT NULL, "expire_date" datetime NOT NULL); (params None)
CREATE INDEX "django_session_expire_date_a5c62663" ON "django_session" ("expire_date"); (params ())
Exception while resolving variable 'email' in template 'home.html'.
Traceback (most recent call last):
  File "C:\Users\Fox\Documents\Python\django\obey_goat\lib\site-packages\django\template\base.py", line 882, in _resolve_lookup
    current = current[bit]
  File "C:\Users\Fox\Documents\Python\django\obey_goat\lib\site-packages\django\utils\functional.py", line 239, in inner
    return func(self._wrapped, *args)
TypeError: 'AnonymousUser' object is not subscriptable

During handling of the above exception, another exception occurred:

Traceback (most recent call last):
  File "C:\Users\Fox\Documents\Python\django\obey_goat\lib\site-packages\django\template\base.py", line 890, in _resolve_lookup
    current = getattr(current, bit)
  File "C:\Users\Fox\Documents\Python\django\obey_goat\lib\site-packages\django\utils\functional.py", line 239, in inner
    return func(self._wrapped, *args)
AttributeError: 'AnonymousUser' object has no attribute 'email'

During handling of the above exception, another exception occurred:

Traceback (most recent call last):
  File "C:\Users\Fox\Documents\Python\django\obey_goat\lib\site-packages\django\template\base.py", line 896, in _resolve_lookup
    current = current[int(bit)]
ValueError: invalid literal for int() with base 10: 'email'

During handling of the above exception, another exception occurred:

Traceback (most recent call last):
  File "C:\Users\Fox\Documents\Python\django\obey_goat\lib\site-packages\django\template\base.py", line 903, in _resolve_lookup
    (bit, current))  # missing attribute
django.template.base.VariableDoesNotExist: Failed lookup for key [email] in 'AnonymousUser'
Not Found: /favicon.ico
Exception while resolving variable 'email' in template 'home.html'.
Traceback (most recent call last):
  File "C:\Users\Fox\Documents\Python\django\obey_goat\lib\site-packages\django\template\base.py", line 882, in _resolve_lookup
    current = current[bit]
  File "C:\Users\Fox\Documents\Python\django\obey_goat\lib\site-packages\django\utils\functional.py", line 239, in inner
    return func(self._wrapped, *args)
TypeError: 'AnonymousUser' object is not subscriptable

During handling of the above exception, another exception occurred:

Traceback (most recent call last):
  File "C:\Users\Fox\Documents\Python\django\obey_goat\lib\site-packages\django\template\base.py", line 890, in _resolve_lookup
    current = getattr(current, bit)
  File "C:\Users\Fox\Documents\Python\django\obey_goat\lib\site-packages\django\utils\functional.py", line 239, in inner
    return func(self._wrapped, *args)
AttributeError: 'AnonymousUser' object has no attribute 'email'

During handling of the above exception, another exception occurred:

Traceback (most recent call last):
  File "C:\Users\Fox\Documents\Python\django\obey_goat\lib\site-packages\django\template\base.py", line 896, in _resolve_lookup
    current = current[int(bit)]
ValueError: invalid literal for int() with base 10: 'email'

During handling of the above exception, another exception occurred:

Traceback (most recent call last):
  File "C:\Users\Fox\Documents\Python\django\obey_goat\lib\site-packages\django\template\base.py", line 903, in _resolve_lookup
    (bit, current))  # missing attribute
django.template.base.VariableDoesNotExist: Failed lookup for key [email] in 'AnonymousUser'
Exception while resolving variable 'email' in template 'home.html'.
Traceback (most recent call last):
  File "C:\Users\Fox\Documents\Python\django\obey_goat\lib\site-packages\django\template\base.py", line 882, in _resolve_lookup
    current = current[bit]
  File "C:\Users\Fox\Documents\Python\django\obey_goat\lib\site-packages\django\utils\functional.py", line 239, in inner
    return func(self._wrapped, *args)
TypeError: 'AnonymousUser' object is not subscriptable

During handling of the above exception, another exception occurred:

Traceback (most recent call last):
  File "C:\Users\Fox\Documents\Python\django\obey_goat\lib\site-packages\django\template\base.py", line 890, in _resolve_lookup
    current = getattr(current, bit)
  File "C:\Users\Fox\Documents\Python\django\obey_goat\lib\site-packages\django\utils\functional.py", line 239, in inner
    return func(self._wrapped, *args)
AttributeError: 'AnonymousUser' object has no attribute 'email'

During handling of the above exception, another exception occurred:

Traceback (most recent call last):
  File "C:\Users\Fox\Documents\Python\django\obey_goat\lib\site-packages\django\template\base.py", line 896, in _resolve_lookup
    current = current[int(bit)]
ValueError: invalid literal for int() with base 10: 'email'

During handling of the above exception, another exception occurred:

Traceback (most recent call last):
  File "C:\Users\Fox\Documents\Python\django\obey_goat\lib\site-packages\django\template\base.py", line 903, in _resolve_lookup
    (bit, current))  # missing attribute
django.template.base.VariableDoesNotExist: Failed lookup for key [email] in 'AnonymousUser'
